<?xml version="1.0" encoding="UTF-8"?>
<!-- Generated by org.testng.reporters.JUnitReportReporter -->
<testsuite hostname="LAPTOP-K6V6A7SC" failures="0" tests="5" name="SeleniumTest" time="2.159" errors="0" timestamp="2022-02-27T19:24:25 SGT" skipped="0">
  <testcase classname="SeleniumTest" name="checkCreateTitle" time="1.639"/>
  <testcase classname="SeleniumTest" name="checkDashboardTitle" time="0.059"/>
  <testcase classname="SeleniumTest" name="checkEditTitle" time="0.371"/>
  <testcase classname="SeleniumTest" name="checkUrl" time="0.089"/>
  <testcase classname="SeleniumTest" name="f" time="0.001"/>
</testsuite> <!-- SeleniumTest -->
